# JRE version: OpenJDK Runtime Environment (8.0_152-b01) (build 1.8.0_152-release-1024-b01)
# Java VM: OpenJDK 64-Bit Server VM (25.152-b01 mixed mode linux-amd64 compressed oops)
Heap:
 PSYoungGen      total 268288K, used 193001K [0x00000000e0000000, 0x00000000f1c80000, 0x0000000100000000)
  eden space 258048K, 74% used [0x00000000e0000000,0x00000000ebc7a678,0x00000000efc00000)
  from space 10240K, 0% used [0x00000000efc00000,0x00000000efc00000,0x00000000f0600000)
  to   space 12800K, 0% used [0x00000000f1000000,0x00000000f1000000,0x00000000f1c80000)
 ParOldGen       total 174592K, used 16682K [0x00000000a0000000, 0x00000000aaa80000, 0x00000000e0000000)
  object space 174592K, 9% used [0x00000000a0000000,0x00000000a104a968,0x00000000aaa80000)
 Metaspace       used 46739K, capacity 47794K, committed 47960K, reserved 1091584K
  class space    used 6370K, capacity 6682K, committed 6784K, reserved 1048576K
GC Heap History (10 events):
Event: 1.213 GC heap before
{Heap before GC invocations=3 (full 0):
 PSYoungGen      total 139264K, used 30379K [0x00000000e0000000, 0x00000000e9200000, 0x0000000100000000)
  eden space 129024K, 15% used [0x00000000e0000000,0x00000000e13b1fd8,0x00000000e7e00000)
  from space 10240K, 99% used [0x00000000e8800000,0x00000000e91f8df0,0x00000000e9200000)
  to   space 10240K, 0% used [0x00000000e7e00000,0x00000000e7e00000,0x00000000e8800000)
 ParOldGen       total 171008K, used 284K [0x00000000a0000000, 0x00000000aa700000, 0x00000000e0000000)
  object space 171008K, 0% used [0x00000000a0000000,0x00000000a0047238,0x00000000aa700000)
 Metaspace       used 20703K, capacity 21054K, committed 21248K, reserved 1067008K
  class space    used 2899K, capacity 3037K, committed 3072K, reserved 1048576K
Event: 1.221 GC heap after
Heap after GC invocations=3 (full 0):
 PSYoungGen      total 139264K, used 8611K [0x00000000e0000000, 0x00000000f1000000, 0x0000000100000000)
  eden space 129024K, 0% used [0x00000000e0000000,0x00000000e0000000,0x00000000e7e00000)
  from space 10240K, 84% used [0x00000000e7e00000,0x00000000e8668f48,0x00000000e8800000)
  to   space 10240K, 0% used [0x00000000f0600000,0x00000000f0600000,0x00000000f1000000)
 ParOldGen       total 171008K, used 292K [0x00000000a0000000, 0x00000000aa700000, 0x00000000e0000000)
  object space 171008K, 0% used [0x00000000a0000000,0x00000000a0049238,0x00000000aa700000)
 Metaspace       used 20703K, capacity 21054K, committed 21248K, reserved 1067008K
  class space    used 2899K, capacity 3037K, committed 3072K, reserved 1048576K
}
Event: 1.221 GC heap before
{Heap before GC invocations=4 (full 1):
 PSYoungGen      total 139264K, used 8611K [0x00000000e0000000, 0x00000000f1000000, 0x0000000100000000)
  eden space 129024K, 0% used [0x00000000e0000000,0x00000000e0000000,0x00000000e7e00000)
  from space 10240K, 84% used [0x00000000e7e00000,0x00000000e8668f48,0x00000000e8800000)
  to   space 10240K, 0% used [0x00000000f0600000,0x00000000f0600000,0x00000000f1000000)
 ParOldGen       total 171008K, used 292K [0x00000000a0000000, 0x00000000aa700000, 0x00000000e0000000)
  object space 171008K, 0% used [0x00000000a0000000,0x00000000a0049238,0x00000000aa700000)
 Metaspace       used 20703K, capacity 21054K, committed 21248K, reserved 1067008K
  class space    used 2899K, capacity 3037K, committed 3072K, reserved 1048576K
Event: 1.260 GC heap after
Heap after GC invocations=4 (full 1):
 PSYoungGen      total 139264K, used 0K [0x00000000e0000000, 0x00000000f1000000, 0x0000000100000000)
  eden space 129024K, 0% used [0x00000000e0000000,0x00000000e0000000,0x00000000e7e00000)
  from space 10240K, 0% used [0x00000000e7e00000,0x00000000e7e00000,0x00000000e8800000)
  to   space 10240K, 0% used [0x00000000f0600000,0x00000000f0600000,0x00000000f1000000)
 ParOldGen       total 109056K, used 8442K [0x00000000a0000000, 0x00000000a6a80000, 0x00000000e0000000)
  object space 109056K, 7% used [0x00000000a0000000,0x00000000a083ea50,0x00000000a6a80000)
 Metaspace       used 20703K, capacity 21054K, committed 21248K, reserved 1067008K
  class space    used 2899K, capacity 3037K, committed 3072K, reserved 1048576K
}
Event: 2.127 GC heap before
{Heap before GC invocations=5 (full 1):
 PSYoungGen      total 139264K, used 129024K [0x00000000e0000000, 0x00000000f1000000, 0x0000000100000000)
  eden space 129024K, 100% used [0x00000000e0000000,0x00000000e7e00000,0x00000000e7e00000)
  from space 10240K, 0% used [0x00000000e7e00000,0x00000000e7e00000,0x00000000e8800000)
  to   space 10240K, 0% used [0x00000000f0600000,0x00000000f0600000,0x00000000f1000000)
 ParOldGen       total 109056K, used 8442K [0x00000000a0000000, 0x00000000a6a80000, 0x00000000e0000000)
  object space 109056K, 7% used [0x00000000a0000000,0x00000000a083ea50,0x00000000a6a80000)
 Metaspace       used 29338K, capacity 29868K, committed 30208K, reserved 1075200K
  class space    used 4130K, capacity 4321K, committed 4352K, reserved 1048576K
Event: 2.141 GC heap after
Heap after GC invocations=5 (full 1):
 PSYoungGen      total 194560K, used 10211K [0x00000000e0000000, 0x00000000f1000000, 0x0000000100000000)
  eden space 184320K, 0% used [0x00000000e0000000,0x00000000e0000000,0x00000000eb400000)
  from space 10240K, 99% used [0x00000000f0600000,0x00000000f0ff8e50,0x00000000f1000000)
  to   space 10240K, 0% used [0x00000000efc00000,0x00000000efc00000,0x00000000f0600000)
 ParOldGen       total 109056K, used 10704K [0x00000000a0000000, 0x00000000a6a80000, 0x00000000e0000000)
  object space 109056K, 9% used [0x00000000a0000000,0x00000000a0a74378,0x00000000a6a80000)
 Metaspace       used 29338K, capacity 29868K, committed 30208K, reserved 1075200K
  class space    used 4130K, capacity 4321K, committed 4352K, reserved 1048576K
}
Event: 2.400 GC heap before
{Heap before GC invocations=6 (full 1):
 PSYoungGen      total 194560K, used 43259K [0x00000000e0000000, 0x00000000f1000000, 0x0000000100000000)
  eden space 184320K, 17% used [0x00000000e0000000,0x00000000e2045ee0,0x00000000eb400000)
  from space 10240K, 99% used [0x00000000f0600000,0x00000000f0ff8e50,0x00000000f1000000)
  to   space 10240K, 0% used [0x00000000efc00000,0x00000000efc00000,0x00000000f0600000)
 ParOldGen       total 109056K, used 10704K [0x00000000a0000000, 0x00000000a6a80000, 0x00000000e0000000)
  object space 109056K, 9% used [0x00000000a0000000,0x00000000a0a74378,0x00000000a6a80000)
 Metaspace       used 34690K, capacity 35262K, committed 35416K, reserved 1079296K
  class space    used 4792K, capacity 4975K, committed 4992K, reserved 1048576K
Event: 2.408 GC heap after
Heap after GC invocations=6 (full 1):
 PSYoungGen      total 268288K, used 10095K [0x00000000e0000000, 0x00000000f1c80000, 0x0000000100000000)
  eden space 258048K, 0% used [0x00000000e0000000,0x00000000e0000000,0x00000000efc00000)
  from space 10240K, 98% used [0x00000000efc00000,0x00000000f05dbde8,0x00000000f0600000)
  to   space 12800K, 0% used [0x00000000f1000000,0x00000000f1000000,0x00000000f1c80000)
 ParOldGen       total 109056K, used 10712K [0x00000000a0000000, 0x00000000a6a80000, 0x00000000e0000000)
  object space 109056K, 9% used [0x00000000a0000000,0x00000000a0a76378,0x00000000a6a80000)
 Metaspace       used 34690K, capacity 35262K, committed 35416K, reserved 1079296K
  class space    used 4792K, capacity 4975K, committed 4992K, reserved 1048576K
}
Event: 2.408 GC heap before
{Heap before GC invocations=7 (full 2):
 PSYoungGen      total 268288K, used 10095K [0x00000000e0000000, 0x00000000f1c80000, 0x0000000100000000)
  eden space 258048K, 0% used [0x00000000e0000000,0x00000000e0000000,0x00000000efc00000)
  from space 10240K, 98% used [0x00000000efc00000,0x00000000f05dbde8,0x00000000f0600000)
  to   space 12800K, 0% used [0x00000000f1000000,0x00000000f1000000,0x00000000f1c80000)
 ParOldGen       total 109056K, used 10712K [0x00000000a0000000, 0x00000000a6a80000, 0x00000000e0000000)
  object space 109056K, 9% used [0x00000000a0000000,0x00000000a0a76378,0x00000000a6a80000)
 Metaspace       used 34690K, capacity 35262K, committed 35416K, reserved 1079296K
  class space    used 4792K, capacity 4975K, committed 4992K, reserved 1048576K
Event: 2.444 GC heap after
Heap after GC invocations=7 (full 2):
 PSYoungGen      total 268288K, used 0K [0x00000000e0000000, 0x00000000f1c80000, 0x0000000100000000)
  eden space 258048K, 0% used [0x00000000e0000000,0x00000000e0000000,0x00000000efc00000)
  from space 10240K, 0% used [0x00000000efc00000,0x00000000efc00000,0x00000000f0600000)
  to   space 12800K, 0% used [0x00000000f1000000,0x00000000f1000000,0x00000000f1c80000)
 ParOldGen       total 174592K, used 16682K [0x00000000a0000000, 0x00000000aaa80000, 0x00000000e0000000)
  object space 174592K, 9% used [0x00000000a0000000,0x00000000a104a968,0x00000000aaa80000)
 Metaspace       used 34690K, capacity 35262K, committed 35416K, reserved 1079296K
  class space    used 4792K, capacity 4975K, committed 4992K, reserved 1048576K
}

